model lshape.dmg loaded in 0.000048 seconds
mesh lshape-serial.smb loaded in 0.000283 seconds
number of triangle 128 quad 0
mesh entity counts: v 81 e 208 f 128 r 0
mesh verified in 0.000304 seconds
homogeneous dbcs applied to 6 boundaries
linear system solved in 0.003113 seconds
linear system converged in 12 iters
homogeneous dbcs applied to 6 boundaries
linear system solved in 0.001894 seconds
linear system converged in 12 iters
error estimated in 0.001508 seconds
dofs | J(u) | J(uh) | J(e) | eta_1 | eta_2 | eta^_1 | eta^_2
-----------------------------------------------------
81 | 1.65883e+00 | 1.2916763932e+00 | 3.6714889133e-01 | 2.74250e-01 | 2.74250e-01 | 3.31605e-01 | 4.50340e-01 
dofs | I_eta_1 | I_eta_2 | I_eta^_1 | I_eta^_2
---------------------------------------
81 | 1.33874e+00 | 1.33874e+00 | 1.10719e+00 | 8.15270e-01
using spr size field
SPR (target): error estimated in 0.001113 seconds
writeVtuFile into buffers: 0.001158 seconds
writeVtuFile buffers to disk: 0.000044 seconds
vtk files global_025_0 written in 0.001370 seconds

MeshAdapt: version 2.0 !

MeshAdapt: iteration 0

MeshAdapt: coarsened 19 edges in 0.001817 seconds

MeshAdapt: refined 20 edges in 0.000499 seconds

MeshAdapt: bad shapes down from 0 to 0 in 0.000708 seconds

MeshAdapt: worst element quality is 2.560699e-01

MeshAdapt: mesh adapted in 0.003807 seconds
number of triangle 132 quad 0
mesh entity counts: v 82 e 213 f 132 r 0
