model lshape.dmg loaded in 0.000251 seconds
mesh lshape-serial.smb loaded in 0.003557 seconds
number of triangle 506 quad 0
mesh entity counts: v 286 e 791 f 506 r 0
mesh verified in 0.005008 seconds
homogeneous dbcs applied to 6 boundaries
linear system solved in 0.005068 seconds
linear system converged in 18 iters
homogeneous dbcs applied to 6 boundaries
linear system solved in 0.002760 seconds
linear system converged in 18 iters
error estimated in 0.004547 seconds
dofs | J(u) | J(uh) | J(e) | eta_1 | eta_2 | eta^_1 | eta^_2
-----------------------------------------------------
286 | 1.65883e+00 | 1.4968371506e+00 | 1.6198813391e-01 | 1.27441e-01 | 1.27441e-01 | 1.61650e-01 | 2.25050e-01 
dofs | I_eta_1 | I_eta_2 | I_eta^_1 | I_eta^_2
---------------------------------------
286 | 1.27108e+00 | 1.27108e+00 | 1.00209e+00 | 7.19789e-01
using spr size field
SPR (target): error estimated in 0.002975 seconds
writeVtuFile into buffers: 0.002282 seconds
writeVtuFile buffers to disk: 0.000047 seconds
vtk files global_0125_0 written in 0.002492 seconds

MeshAdapt: version 2.0 !

MeshAdapt: iteration 0

MeshAdapt: coarsened 120 edges in 0.008744 seconds

MeshAdapt: refined 2 edges in 0.000634 seconds

MeshAdapt: bad shapes down from 0 to 0 in 0.001028 seconds

MeshAdapt: worst element quality is 2.133304e-01

MeshAdapt: mesh adapted in 0.011559 seconds
number of triangle 287 quad 0
mesh entity counts: v 168 e 454 f 287 r 0
