model lshape.dmg loaded in 0.000252 seconds
mesh lshape-serial.smb loaded in 0.001530 seconds
number of triangle 128 quad 0
mesh entity counts: v 81 e 208 f 128 r 0
mesh verified in 0.001338 seconds
homogeneous dbcs applied to 6 boundaries
linear system solved in 0.004429 seconds
linear system converged in 12 iters
homogeneous dbcs applied to 6 boundaries
linear system solved in 0.002235 seconds
linear system converged in 12 iters
error estimated in 0.001658 seconds
dofs | J(u) | J(uh) | J(e) | eta_1 | eta_2 | eta^_1 | eta^_2
-----------------------------------------------------
81 | 1.65883e+00 | 1.2916763932e+00 | 3.6714889133e-01 | 2.74250e-01 | 2.74250e-01 | 3.31605e-01 | 4.50340e-01 
dofs | I_eta_1 | I_eta_2 | I_eta^_1 | I_eta^_2
---------------------------------------
81 | 1.33874e+00 | 1.33874e+00 | 1.10719e+00 | 8.15270e-01
using vms 2 size field
isotropic target size field computed in 0.000312 seconds
writeVtuFile into buffers: 0.001057 seconds
writeVtuFile buffers to disk: 0.000041 seconds
vtk files global_vms2_0 written in 0.001272 seconds

MeshAdapt: version 2.0 !

MeshAdapt: iteration 0

MeshAdapt: coarsened 9 edges in 0.001132 seconds

MeshAdapt: refined 50 edges in 0.000811 seconds

MeshAdapt: bad shapes down from 0 to 0 in 0.001055 seconds

MeshAdapt: worst element quality is 2.742378e-01

MeshAdapt: mesh adapted in 0.003984 seconds
number of triangle 201 quad 0
mesh entity counts: v 122 e 322 f 201 r 0
homogeneous dbcs applied to 6 boundaries
linear system solved in 0.002165 seconds
linear system converged in 17 iters
homogeneous dbcs applied to 6 boundaries
linear system solved in 0.001854 seconds
linear system converged in 16 iters
error estimated in 0.001655 seconds
dofs | J(u) | J(uh) | J(e) | eta_1 | eta_2 | eta^_1 | eta^_2
-----------------------------------------------------
122 | 1.65883e+00 | 1.4467154986e+00 | 2.1210978586e-01 | 1.58596e-01 | 1.58596e-01 | 2.13843e-01 | 2.80476e-01 
dofs | I_eta_1 | I_eta_2 | I_eta^_1 | I_eta^_2
---------------------------------------
122 | 1.33742e+00 | 1.33742e+00 | 9.91896e-01 | 7.56249e-01
using vms 2 size field
isotropic target size field computed in 0.000322 seconds
writeVtuFile into buffers: 0.001045 seconds
writeVtuFile buffers to disk: 0.000030 seconds
vtk files global_vms2_1 written in 0.001185 seconds

MeshAdapt: version 2.0 !

MeshAdapt: iteration 0

MeshAdapt: coarsened 6 edges in 0.000825 seconds

MeshAdapt: refined 150 edges in 0.001317 seconds

MeshAdapt: bad shapes down from 3 to 1 in 0.002084 seconds

MeshAdapt: worst element quality is 1.590914e-01

MeshAdapt: mesh adapted in 0.005920 seconds
number of triangle 461 quad 0
mesh entity counts: v 266 e 726 f 461 r 0
homogeneous dbcs applied to 6 boundaries
linear system solved in 0.002607 seconds
linear system converged in 23 iters
homogeneous dbcs applied to 6 boundaries
linear system solved in 0.002288 seconds
linear system converged in 21 iters
error estimated in 0.003231 seconds
dofs | J(u) | J(uh) | J(e) | eta_1 | eta_2 | eta^_1 | eta^_2
-----------------------------------------------------
266 | 1.65883e+00 | 1.5448805153e+00 | 1.1394476920e-01 | 8.50593e-02 | 8.50593e-02 | 1.18023e-01 | 1.49643e-01 
dofs | I_eta_1 | I_eta_2 | I_eta^_1 | I_eta^_2
---------------------------------------
266 | 1.33959e+00 | 1.33959e+00 | 9.65449e-01 | 7.61442e-01
using vms 2 size field
isotropic target size field computed in 0.000643 seconds
writeVtuFile into buffers: 0.001681 seconds
writeVtuFile buffers to disk: 0.000031 seconds
vtk files global_vms2_2 written in 0.001835 seconds

MeshAdapt: version 2.0 !

MeshAdapt: iteration 0

MeshAdapt: coarsened 15 edges in 0.001737 seconds

MeshAdapt: refined 250 edges in 0.002235 seconds

MeshAdapt: bad shapes down from 8 to 3 in 0.004060 seconds

MeshAdapt: worst element quality is 1.342148e-01

MeshAdapt: mesh adapted in 0.011051 seconds
number of triangle 881 quad 0
mesh entity counts: v 501 e 1381 f 881 r 0
homogeneous dbcs applied to 6 boundaries
linear system solved in 0.003448 seconds
linear system converged in 27 iters
homogeneous dbcs applied to 6 boundaries
linear system solved in 0.003366 seconds
linear system converged in 26 iters
error estimated in 0.006363 seconds
dofs | J(u) | J(uh) | J(e) | eta_1 | eta_2 | eta^_1 | eta^_2
-----------------------------------------------------
501 | 1.65883e+00 | 1.5997777836e+00 | 5.9047500894e-02 | 4.47127e-02 | 4.47127e-02 | 6.66415e-02 | 8.18258e-02 
dofs | I_eta_1 | I_eta_2 | I_eta^_1 | I_eta^_2
---------------------------------------
501 | 1.32060e+00 | 1.32060e+00 | 8.86046e-01 | 7.21625e-01
using vms 2 size field
isotropic target size field computed in 0.001193 seconds
writeVtuFile into buffers: 0.002813 seconds
writeVtuFile buffers to disk: 0.000046 seconds
vtk files global_vms2_3 written in 0.003014 seconds

MeshAdapt: version 2.0 !

MeshAdapt: iteration 0

MeshAdapt: coarsened 36 edges in 0.003650 seconds

MeshAdapt: refined 462 edges in 0.004069 seconds

MeshAdapt: bad shapes down from 6 to 0 in 0.005988 seconds

MeshAdapt: worst element quality is 2.021287e-01

MeshAdapt: mesh adapted in 0.022229 seconds
number of triangle 1662 quad 0
mesh entity counts: v 927 e 2588 f 1662 r 0
homogeneous dbcs applied to 6 boundaries
linear system solved in 0.008790 seconds
linear system converged in 37 iters
homogeneous dbcs applied to 6 boundaries
linear system solved in 0.005527 seconds
linear system converged in 30 iters
error estimated in 0.012179 seconds
dofs | J(u) | J(uh) | J(e) | eta_1 | eta_2 | eta^_1 | eta^_2
-----------------------------------------------------
927 | 1.65883e+00 | 1.6269827431e+00 | 3.1842541416e-02 | 2.41175e-02 | 2.41175e-02 | 3.54779e-02 | 4.49528e-02 
dofs | I_eta_1 | I_eta_2 | I_eta^_1 | I_eta^_2
---------------------------------------
927 | 1.32031e+00 | 1.32031e+00 | 8.97532e-01 | 7.08355e-01
using vms 2 size field
isotropic target size field computed in 0.002156 seconds
writeVtuFile into buffers: 0.005224 seconds
writeVtuFile buffers to disk: 0.000063 seconds
vtk files global_vms2_4 written in 0.005512 seconds

MeshAdapt: version 2.0 !

MeshAdapt: iteration 0

MeshAdapt: coarsened 73 edges in 0.007759 seconds

MeshAdapt: refined 880 edges in 0.007730 seconds

MeshAdapt: bad shapes down from 11 to 5 in 0.012275 seconds

MeshAdapt: worst element quality is 1.688978e-01

MeshAdapt: mesh adapted in 0.038137 seconds
number of triangle 3139 quad 0
mesh entity counts: v 1734 e 4872 f 3139 r 0
homogeneous dbcs applied to 6 boundaries
linear system solved in 0.014384 seconds
linear system converged in 58 iters
homogeneous dbcs applied to 6 boundaries
linear system solved in 0.012739 seconds
linear system converged in 52 iters
error estimated in 0.023015 seconds
dofs | J(u) | J(uh) | J(e) | eta_1 | eta_2 | eta^_1 | eta^_2
-----------------------------------------------------
1734 | 1.65883e+00 | 1.6430623578e+00 | 1.5762926687e-02 | 1.25105e-02 | 1.25105e-02 | 1.79489e-02 | 2.19694e-02 
dofs | I_eta_1 | I_eta_2 | I_eta^_1 | I_eta^_2
---------------------------------------
1734 | 1.25998e+00 | 1.25998e+00 | 8.78210e-01 | 7.17496e-01
using vms 2 size field
isotropic target size field computed in 0.004050 seconds
writeVtuFile into buffers: 0.010413 seconds
writeVtuFile buffers to disk: 0.000100 seconds
vtk files global_vms2_5 written in 0.010853 seconds

MeshAdapt: version 2.0 !

MeshAdapt: iteration 0

MeshAdapt: coarsened 155 edges in 0.014209 seconds

MeshAdapt: refined 1558 edges in 0.013924 seconds

MeshAdapt: bad shapes down from 21 to 6 in 0.022448 seconds

MeshAdapt: worst element quality is 1.688978e-01

MeshAdapt: mesh adapted in 0.069433 seconds
number of triangle 5700 quad 0
mesh entity counts: v 3137 e 8836 f 5700 r 0
homogeneous dbcs applied to 6 boundaries
linear system solved in 0.036363 seconds
linear system converged in 87 iters
homogeneous dbcs applied to 6 boundaries
linear system solved in 0.040661 seconds
linear system converged in 110 iters
error estimated in 0.041402 seconds
dofs | J(u) | J(uh) | J(e) | eta_1 | eta_2 | eta^_1 | eta^_2
-----------------------------------------------------
3137 | 1.65883e+00 | 1.6513693682e+00 | 7.4559163113e-03 | 6.10719e-03 | 6.10719e-03 | 8.37216e-03 | 1.04740e-02 
dofs | I_eta_1 | I_eta_2 | I_eta^_1 | I_eta^_2
---------------------------------------
3137 | 1.22084e+00 | 1.22084e+00 | 8.90561e-01 | 7.11847e-01
using vms 2 size field
isotropic target size field computed in 0.007437 seconds
writeVtuFile into buffers: 0.020324 seconds
writeVtuFile buffers to disk: 0.000157 seconds
vtk files global_vms2_6 written in 0.020999 seconds

MeshAdapt: version 2.0 !

MeshAdapt: iteration 0

MeshAdapt: coarsened 253 edges in 0.025761 seconds

MeshAdapt: refined 2883 edges in 0.026376 seconds

MeshAdapt: bad shapes down from 52 to 21 in 0.042519 seconds

MeshAdapt: worst element quality is 1.154062e-01

MeshAdapt: mesh adapted in 0.129577 seconds
number of triangle 10587 quad 0
mesh entity counts: v 5767 e 16353 f 10587 r 0
homogeneous dbcs applied to 6 boundaries
linear system solved in 0.080842 seconds
linear system converged in 120 iters
homogeneous dbcs applied to 6 boundaries
linear system solved in 0.115562 seconds
linear system converged in 180 iters
error estimated in 0.087905 seconds
dofs | J(u) | J(uh) | J(e) | eta_1 | eta_2 | eta^_1 | eta^_2
-----------------------------------------------------
5767 | 1.65883e+00 | 1.6555543458e+00 | 3.2709387345e-03 | 2.83535e-03 | 2.83535e-03 | 3.68434e-03 | 4.49941e-03 
dofs | I_eta_1 | I_eta_2 | I_eta^_1 | I_eta^_2
---------------------------------------
5767 | 1.15363e+00 | 1.15363e+00 | 8.87795e-01 | 7.26971e-01
using vms 2 size field
isotropic target size field computed in 0.014129 seconds
writeVtuFile into buffers: 0.040665 seconds
writeVtuFile buffers to disk: 0.000292 seconds
vtk files global_vms2_7 written in 0.041838 seconds

MeshAdapt: version 2.0 !

MeshAdapt: iteration 0

MeshAdapt: coarsened 511 edges in 0.050622 seconds

MeshAdapt: refined 5453 edges in 0.049944 seconds

MeshAdapt: bad shapes down from 172 to 103 in 0.083201 seconds

MeshAdapt: worst element quality is 1.619211e-01

MeshAdapt: mesh adapted in 0.250058 seconds
number of triangle 19648 quad 0
mesh entity counts: v 10709 e 30356 f 19648 r 0
homogeneous dbcs applied to 6 boundaries
linear system solved in 0.274930 seconds
linear system converged in 233 iters
homogeneous dbcs applied to 6 boundaries
linear system solved in 0.217612 seconds
linear system converged in 178 iters
error estimated in 0.143862 seconds
dofs | J(u) | J(uh) | J(e) | eta_1 | eta_2 | eta^_1 | eta^_2
-----------------------------------------------------
10709 | 1.65883e+00 | 1.6575400657e+00 | 1.2852187991e-03 | 1.21180e-03 | 1.21180e-03 | 1.54776e-03 | 1.82441e-03 
dofs | I_eta_1 | I_eta_2 | I_eta^_1 | I_eta^_2
---------------------------------------
10709 | 1.06059e+00 | 1.06059e+00 | 8.30372e-01 | 7.04459e-01
using vms 2 size field
isotropic target size field computed in 0.026508 seconds
writeVtuFile into buffers: 0.082077 seconds
writeVtuFile buffers to disk: 0.000488 seconds
vtk files global_vms2_8 written in 0.084182 seconds

MeshAdapt: version 2.0 !

MeshAdapt: iteration 0

MeshAdapt: coarsened 613 edges in 0.076281 seconds

MeshAdapt: refined 11750 edges in 0.109983 seconds

MeshAdapt: bad shapes down from 200 to 100 in 0.167596 seconds

MeshAdapt: worst element quality is 8.359435e-02

MeshAdapt: mesh adapted in 0.487317 seconds
number of triangle 40438 quad 0
mesh entity counts: v 21846 e 62283 f 40438 r 0
homogeneous dbcs applied to 6 boundaries
linear system solved in 0.782994 seconds
linear system converged in 334 iters
homogeneous dbcs applied to 6 boundaries
linear system solved in 0.629177 seconds
linear system converged in 268 iters
error estimated in 0.299808 seconds
dofs | J(u) | J(uh) | J(e) | eta_1 | eta_2 | eta^_1 | eta^_2
-----------------------------------------------------
21846 | 1.65883e+00 | 1.6583481361e+00 | 4.7714840396e-04 | 5.19617e-04 | 5.19617e-04 | 6.60639e-04 | 7.36834e-04 
dofs | I_eta_1 | I_eta_2 | I_eta^_1 | I_eta^_2
---------------------------------------
21846 | 9.18270e-01 | 9.18270e-01 | 7.22253e-01 | 6.47565e-01
using vms 2 size field
isotropic target size field computed in 0.055172 seconds
writeVtuFile into buffers: 0.168979 seconds
writeVtuFile buffers to disk: 0.001204 seconds
vtk files global_vms2_9 written in 0.173882 seconds

MeshAdapt: version 2.0 !

MeshAdapt: iteration 0

MeshAdapt: coarsened 673 edges in 0.121076 seconds

MeshAdapt: refined 25256 edges in 0.266557 seconds

MeshAdapt: bad shapes down from 174 to 81 in 0.375397 seconds

MeshAdapt: worst element quality is 8.359435e-02

MeshAdapt: mesh adapted in 1.060609 seconds
number of triangle 87875 quad 0
mesh entity counts: v 46429 e 134303 f 87875 r 0
