model lshape.dmg loaded in 0.000051 seconds
mesh lshape-serial.smb loaded in 0.000290 seconds
number of triangle 128 quad 0
mesh entity counts: v 81 e 208 f 128 r 0
mesh verified in 0.000299 seconds
homogeneous dbcs applied to 6 boundaries
linear system solved in 0.002541 seconds
linear system converged in 12 iters
homogeneous dbcs applied to 6 boundaries
linear system solved in 0.001752 seconds
linear system converged in 12 iters
error estimated in 0.001166 seconds
dofs | J(u) | J(uh) | J(e) | eta_1 | eta_2 | eta^_1 | eta^_2
-----------------------------------------------------
81 | 1.65883e+00 | 1.2916763932e+00 | 3.6714889133e-01 | 2.74250e-01 | 2.74250e-01 | 3.31605e-01 | 4.50340e-01 
dofs | I_eta_1 | I_eta_2 | I_eta^_1 | I_eta^_2
---------------------------------------
81 | 1.33874e+00 | 1.33874e+00 | 1.10719e+00 | 8.15270e-01
using min size field
isotropic target size field computed in 0.000238 seconds
isotropic target size field computed in 0.000215 seconds
SPR (target): error estimated in 0.000845 seconds
writeVtuFile into buffers: 0.000751 seconds
writeVtuFile buffers to disk: 0.000035 seconds
vtk files global_min_0 written in 0.000919 seconds

MeshAdapt: version 2.0 !

MeshAdapt: iteration 0

MeshAdapt: coarsened 9 edges in 0.000846 seconds

MeshAdapt: refined 57 edges in 0.000654 seconds

MeshAdapt: bad shapes down from 0 to 0 in 0.000987 seconds

MeshAdapt: worst element quality is 2.742378e-01

MeshAdapt: mesh adapted in 0.003427 seconds
number of triangle 212 quad 0
mesh entity counts: v 129 e 340 f 212 r 0
homogeneous dbcs applied to 6 boundaries
linear system solved in 0.001917 seconds
linear system converged in 16 iters
homogeneous dbcs applied to 6 boundaries
linear system solved in 0.001861 seconds
linear system converged in 16 iters
error estimated in 0.001885 seconds
dofs | J(u) | J(uh) | J(e) | eta_1 | eta_2 | eta^_1 | eta^_2
-----------------------------------------------------
129 | 1.65883e+00 | 1.4512017419e+00 | 2.0762354256e-01 | 1.52609e-01 | 1.52609e-01 | 2.07870e-01 | 2.71067e-01 
dofs | I_eta_1 | I_eta_2 | I_eta^_1 | I_eta^_2
---------------------------------------
129 | 1.36049e+00 | 1.36049e+00 | 9.98813e-01 | 7.65950e-01
using min size field
isotropic target size field computed in 0.000366 seconds
isotropic target size field computed in 0.000334 seconds
SPR (target): error estimated in 0.001338 seconds
writeVtuFile into buffers: 0.001030 seconds
writeVtuFile buffers to disk: 0.000031 seconds
vtk files global_min_1 written in 0.001171 seconds

MeshAdapt: version 2.0 !

MeshAdapt: iteration 0

MeshAdapt: coarsened 4 edges in 0.000755 seconds

MeshAdapt: refined 168 edges in 0.001456 seconds

MeshAdapt: bad shapes down from 0 to 0 in 0.001910 seconds

MeshAdapt: worst element quality is 2.595039e-01

MeshAdapt: mesh adapted in 0.006056 seconds
number of triangle 508 quad 0
mesh entity counts: v 293 e 800 f 508 r 0
homogeneous dbcs applied to 6 boundaries
linear system solved in 0.002742 seconds
linear system converged in 23 iters
homogeneous dbcs applied to 6 boundaries
linear system solved in 0.002747 seconds
linear system converged in 21 iters
error estimated in 0.004100 seconds
dofs | J(u) | J(uh) | J(e) | eta_1 | eta_2 | eta^_1 | eta^_2
-----------------------------------------------------
293 | 1.65883e+00 | 1.5490728006e+00 | 1.0975248386e-01 | 8.02330e-02 | 8.02330e-02 | 1.11001e-01 | 1.42987e-01 
dofs | I_eta_1 | I_eta_2 | I_eta^_1 | I_eta^_2
---------------------------------------
293 | 1.36792e+00 | 1.36792e+00 | 9.88752e-01 | 7.67572e-01
using min size field
isotropic target size field computed in 0.000679 seconds
isotropic target size field computed in 0.000643 seconds
SPR (target): error estimated in 0.002535 seconds
writeVtuFile into buffers: 0.001698 seconds
writeVtuFile buffers to disk: 0.000033 seconds
vtk files global_min_2 written in 0.001853 seconds

MeshAdapt: version 2.0 !

MeshAdapt: iteration 0

MeshAdapt: coarsened 18 edges in 0.002031 seconds

MeshAdapt: refined 276 edges in 0.002325 seconds

MeshAdapt: bad shapes down from 9 to 4 in 0.004670 seconds

MeshAdapt: worst element quality is 1.342148e-01

MeshAdapt: mesh adapted in 0.012273 seconds
number of triangle 971 quad 0
mesh entity counts: v 551 e 1521 f 971 r 0
homogeneous dbcs applied to 6 boundaries
linear system solved in 0.003684 seconds
linear system converged in 27 iters
homogeneous dbcs applied to 6 boundaries
linear system solved in 0.003477 seconds
linear system converged in 26 iters
error estimated in 0.007404 seconds
dofs | J(u) | J(uh) | J(e) | eta_1 | eta_2 | eta^_1 | eta^_2
-----------------------------------------------------
551 | 1.65883e+00 | 1.6026623848e+00 | 5.6162899740e-02 | 4.16913e-02 | 4.16913e-02 | 6.18397e-02 | 7.66273e-02 
dofs | I_eta_1 | I_eta_2 | I_eta^_1 | I_eta^_2
---------------------------------------
551 | 1.34711e+00 | 1.34711e+00 | 9.08201e-01 | 7.32936e-01
using min size field
isotropic target size field computed in 0.001333 seconds
isotropic target size field computed in 0.001381 seconds
SPR (target): error estimated in 0.007617 seconds
writeVtuFile into buffers: 0.002799 seconds
writeVtuFile buffers to disk: 0.000044 seconds
vtk files global_min_3 written in 0.003045 seconds

MeshAdapt: version 2.0 !

MeshAdapt: iteration 0

MeshAdapt: coarsened 42 edges in 0.004194 seconds

MeshAdapt: refined 549 edges in 0.004680 seconds

MeshAdapt: bad shapes down from 14 to 6 in 0.008030 seconds

MeshAdapt: worst element quality is 1.490559e-01

MeshAdapt: mesh adapted in 0.023280 seconds
number of triangle 1901 quad 0
mesh entity counts: v 1058 e 2958 f 1901 r 0
homogeneous dbcs applied to 6 boundaries
linear system solved in 0.007091 seconds
linear system converged in 39 iters
homogeneous dbcs applied to 6 boundaries
linear system solved in 0.006010 seconds
linear system converged in 32 iters
error estimated in 0.014562 seconds
dofs | J(u) | J(uh) | J(e) | eta_1 | eta_2 | eta^_1 | eta^_2
-----------------------------------------------------
1058 | 1.65883e+00 | 1.6296198706e+00 | 2.9205413908e-02 | 2.16967e-02 | 2.16967e-02 | 3.16113e-02 | 4.02160e-02 
dofs | I_eta_1 | I_eta_2 | I_eta^_1 | I_eta^_2
---------------------------------------
1058 | 1.34608e+00 | 1.34608e+00 | 9.23892e-01 | 7.26214e-01
using min size field
isotropic target size field computed in 0.002695 seconds
isotropic target size field computed in 0.002597 seconds
SPR (target): error estimated in 0.009960 seconds
writeVtuFile into buffers: 0.005500 seconds
writeVtuFile buffers to disk: 0.000057 seconds
vtk files global_min_4 written in 0.005791 seconds

MeshAdapt: version 2.0 !

MeshAdapt: iteration 0

MeshAdapt: coarsened 81 edges in 0.008552 seconds

MeshAdapt: refined 967 edges in 0.008284 seconds

MeshAdapt: bad shapes down from 19 to 7 in 0.015483 seconds

MeshAdapt: worst element quality is 1.490559e-01

MeshAdapt: mesh adapted in 0.044164 seconds
number of triangle 3511 quad 0
mesh entity counts: v 1944 e 5454 f 3511 r 0
homogeneous dbcs applied to 6 boundaries
linear system solved in 0.015688 seconds
linear system converged in 56 iters
homogeneous dbcs applied to 6 boundaries
linear system solved in 0.015230 seconds
linear system converged in 57 iters
error estimated in 0.026424 seconds
dofs | J(u) | J(uh) | J(e) | eta_1 | eta_2 | eta^_1 | eta^_2
-----------------------------------------------------
1944 | 1.65883e+00 | 1.6445781165e+00 | 1.4247168032e-02 | 1.09439e-02 | 1.09439e-02 | 1.55743e-02 | 1.95569e-02 
dofs | I_eta_1 | I_eta_2 | I_eta^_1 | I_eta^_2
---------------------------------------
1944 | 1.30184e+00 | 1.30184e+00 | 9.14787e-01 | 7.28499e-01
using min size field
isotropic target size field computed in 0.004989 seconds
isotropic target size field computed in 0.004744 seconds
SPR (target): error estimated in 0.017759 seconds
writeVtuFile into buffers: 0.010662 seconds
writeVtuFile buffers to disk: 0.000106 seconds
vtk files global_min_5 written in 0.011147 seconds

MeshAdapt: version 2.0 !

MeshAdapt: iteration 0

MeshAdapt: coarsened 139 edges in 0.015666 seconds

MeshAdapt: refined 1793 edges in 0.015700 seconds

MeshAdapt: bad shapes down from 24 to 10 in 0.027147 seconds

MeshAdapt: worst element quality is 1.490559e-01

MeshAdapt: mesh adapted in 0.080820 seconds
number of triangle 6552 quad 0
mesh entity counts: v 3598 e 10149 f 6552 r 0
homogeneous dbcs applied to 6 boundaries
linear system solved in 0.040218 seconds
linear system converged in 92 iters
homogeneous dbcs applied to 6 boundaries
linear system solved in 0.053804 seconds
linear system converged in 116 iters
error estimated in 0.050627 seconds
dofs | J(u) | J(uh) | J(e) | eta_1 | eta_2 | eta^_1 | eta^_2
-----------------------------------------------------
3598 | 1.65883e+00 | 1.6522375275e+00 | 6.5877569909e-03 | 5.24002e-03 | 5.24002e-03 | 7.09546e-03 | 9.00481e-03 
dofs | I_eta_1 | I_eta_2 | I_eta^_1 | I_eta^_2
---------------------------------------
3598 | 1.25720e+00 | 1.25720e+00 | 9.28447e-01 | 7.31582e-01
using min size field
isotropic target size field computed in 0.008686 seconds
isotropic target size field computed in 0.008573 seconds
SPR (target): error estimated in 0.032498 seconds
writeVtuFile into buffers: 0.021504 seconds
writeVtuFile buffers to disk: 0.000142 seconds
vtk files global_min_6 written in 0.022222 seconds

MeshAdapt: version 2.0 !

MeshAdapt: iteration 0

MeshAdapt: coarsened 255 edges in 0.029394 seconds

MeshAdapt: refined 3509 edges in 0.030309 seconds

MeshAdapt: bad shapes down from 90 to 48 in 0.052952 seconds

MeshAdapt: worst element quality is 1.557767e-01

MeshAdapt: mesh adapted in 0.158755 seconds
number of triangle 12492 quad 0
mesh entity counts: v 6852 e 19343 f 12492 r 0
homogeneous dbcs applied to 6 boundaries
linear system solved in 0.124826 seconds
linear system converged in 135 iters
homogeneous dbcs applied to 6 boundaries
linear system solved in 0.133093 seconds
linear system converged in 174 iters
error estimated in 0.094684 seconds
dofs | J(u) | J(uh) | J(e) | eta_1 | eta_2 | eta^_1 | eta^_2
-----------------------------------------------------
6852 | 1.65883e+00 | 1.6561109858e+00 | 2.7142986796e-03 | 2.27523e-03 | 2.27523e-03 | 2.92555e-03 | 3.71394e-03 
dofs | I_eta_1 | I_eta_2 | I_eta^_1 | I_eta^_2
---------------------------------------
6852 | 1.19298e+00 | 1.19298e+00 | 9.27792e-01 | 7.30841e-01
using min size field
isotropic target size field computed in 0.017032 seconds
isotropic target size field computed in 0.016416 seconds
SPR (target): error estimated in 0.062433 seconds
writeVtuFile into buffers: 0.045506 seconds
writeVtuFile buffers to disk: 0.000362 seconds
vtk files global_min_7 written in 0.046888 seconds

MeshAdapt: version 2.0 !

MeshAdapt: iteration 0

MeshAdapt: coarsened 468 edges in 0.052958 seconds

MeshAdapt: refined 6421 edges in 0.059187 seconds

MeshAdapt: bad shapes down from 96 to 61 in 0.108540 seconds

MeshAdapt: worst element quality is 1.512316e-01

MeshAdapt: mesh adapted in 0.323447 seconds
number of triangle 23585 quad 0
mesh entity counts: v 12805 e 36389 f 23585 r 0
homogeneous dbcs applied to 6 boundaries
linear system solved in 0.357993 seconds
linear system converged in 238 iters
homogeneous dbcs applied to 6 boundaries
linear system solved in 0.235390 seconds
linear system converged in 172 iters
error estimated in 0.209977 seconds
dofs | J(u) | J(uh) | J(e) | eta_1 | eta_2 | eta^_1 | eta^_2
-----------------------------------------------------
12805 | 1.65883e+00 | 1.6577798466e+00 | 1.0454379480e-03 | 9.61193e-04 | 9.61193e-04 | 1.23600e-03 | 1.51166e-03 
dofs | I_eta_1 | I_eta_2 | I_eta^_1 | I_eta^_2
---------------------------------------
12805 | 1.08765e+00 | 1.08765e+00 | 8.45822e-01 | 6.91581e-01
using min size field
isotropic target size field computed in 0.039231 seconds
isotropic target size field computed in 0.039509 seconds
SPR (target): error estimated in 0.213278 seconds
writeVtuFile into buffers: 0.108663 seconds
writeVtuFile buffers to disk: 0.000694 seconds
vtk files global_min_8 written in 0.113023 seconds

MeshAdapt: version 2.0 !

MeshAdapt: iteration 0

MeshAdapt: coarsened 428 edges in 0.080054 seconds

MeshAdapt: refined 14054 edges in 0.155650 seconds

MeshAdapt: bad shapes down from 150 to 75 in 0.236913 seconds

MeshAdapt: worst element quality is 1.399589e-01

MeshAdapt: mesh adapted in 0.656559 seconds
number of triangle 49367 quad 0
mesh entity counts: v 26431 e 75797 f 49367 r 0
homogeneous dbcs applied to 6 boundaries
linear system solved in 1.014410 seconds
linear system converged in 350 iters
homogeneous dbcs applied to 6 boundaries
linear system solved in 0.819469 seconds
linear system converged in 283 iters
error estimated in 0.385390 seconds
dofs | J(u) | J(uh) | J(e) | eta_1 | eta_2 | eta^_1 | eta^_2
-----------------------------------------------------
26431 | 1.65883e+00 | 1.6584510250e+00 | 3.7425948187e-04 | 4.14242e-04 | 4.14242e-04 | 5.31537e-04 | 6.05092e-04 
dofs | I_eta_1 | I_eta_2 | I_eta^_1 | I_eta^_2
---------------------------------------
26431 | 9.03481e-01 | 9.03481e-01 | 7.04109e-01 | 6.18517e-01
using min size field
isotropic target size field computed in 0.067214 seconds
isotropic target size field computed in 0.070536 seconds
SPR (target): error estimated in 0.316653 seconds
writeVtuFile into buffers: 0.226311 seconds
writeVtuFile buffers to disk: 0.001219 seconds
vtk files global_min_9 written in 0.231677 seconds

MeshAdapt: version 2.0 !

MeshAdapt: iteration 0

MeshAdapt: coarsened 776 edges in 0.174367 seconds

MeshAdapt: refined 28258 edges in 0.354855 seconds

MeshAdapt: bad shapes down from 180 to 78 in 0.482722 seconds

MeshAdapt: worst element quality is 4.998937e-02

MeshAdapt: mesh adapted in 1.397272 seconds
number of triangle 102203 quad 0
mesh entity counts: v 53913 e 156115 f 102203 r 0
homogeneous dbcs applied to 6 boundaries
linear system solved in 3.071639 seconds
linear system converged in 503 iters
homogeneous dbcs applied to 6 boundaries
linear system solved in 2.982913 seconds
linear system converged in 466 iters
error estimated in 0.847328 seconds
dofs | J(u) | J(uh) | J(e) | eta_1 | eta_2 | eta^_1 | eta^_2
-----------------------------------------------------
53913 | 1.65883e+00 | 1.6587105034e+00 | 1.1478114913e-04 | 1.96331e-04 | 1.96331e-04 | 2.51374e-04 | 2.72323e-04 
dofs | I_eta_1 | I_eta_2 | I_eta^_1 | I_eta^_2
---------------------------------------
53913 | 5.84632e-01 | 5.84632e-01 | 4.56615e-01 | 4.21490e-01
using min size field
isotropic target size field computed in 0.157099 seconds
isotropic target size field computed in 0.170451 seconds
SPR (target): error estimated in 0.602163 seconds
writeVtuFile into buffers: 0.401314 seconds
writeVtuFile buffers to disk: 0.002413 seconds
vtk files global_min_10 written in 0.411651 seconds

MeshAdapt: version 2.0 !

MeshAdapt: iteration 0

MeshAdapt: coarsened 852 edges in 0.271122 seconds

MeshAdapt: refined 56471 edges in 0.745225 seconds

MeshAdapt: bad shapes down from 258 to 102 in 0.886768 seconds

MeshAdapt: worst element quality is 4.998937e-02

MeshAdapt: mesh adapted in 2.669803 seconds
number of triangle 211183 quad 0
mesh entity counts: v 109532 e 320714 f 211183 r 0
homogeneous dbcs applied to 6 boundaries
linear system solved in 9.328233 seconds
linear system converged in 724 iters
homogeneous dbcs applied to 6 boundaries
linear system solved in 8.088415 seconds
linear system converged in 629 iters
error estimated in 1.712172 seconds
dofs | J(u) | J(uh) | J(e) | eta_1 | eta_2 | eta^_1 | eta^_2
-----------------------------------------------------
109532 | 1.65883e+00 | 1.6588252927e+00 | -8.2086450970e-09 | 9.60988e-05 | 9.60988e-05 | 1.24694e-04 | 1.32248e-04 
dofs | I_eta_1 | I_eta_2 | I_eta^_1 | I_eta^_2
---------------------------------------
109532 | -8.54188e-05 | -8.54188e-05 | -6.58301e-05 | -6.20699e-05
using min size field
isotropic target size field computed in 0.351686 seconds
isotropic target size field computed in 0.355651 seconds
SPR (target): error estimated in 1.326653 seconds
writeVtuFile into buffers: 0.835312 seconds
writeVtuFile buffers to disk: 0.005038 seconds
vtk files global_min_11 written in 0.855861 seconds

MeshAdapt: version 2.0 !

MeshAdapt: iteration 0

MeshAdapt: coarsened 1367 edges in 0.561279 seconds

MeshAdapt: refined 110152 edges in 1.568780 seconds

MeshAdapt: bad shapes down from 169 to 54 in 1.926075 seconds

MeshAdapt: worst element quality is 5.466113e-02

MeshAdapt: mesh adapted in 5.635969 seconds
number of triangle 423933 quad 0
mesh entity counts: v 218317 e 642249 f 423933 r 0
