model lshape.dmg loaded in 0.000219 seconds
mesh lshape-serial.smb loaded in 0.001734 seconds
number of triangle 128 quad 0
mesh entity counts: v 81 e 208 f 128 r 0
mesh verified in 0.001786 seconds
homogeneous dbcs applied to 6 boundaries
linear system solved in 0.004991 seconds
linear system converged in 12 iters
homogeneous dbcs applied to 6 boundaries
linear system solved in 0.002238 seconds
linear system converged in 12 iters
error estimated in 0.001852 seconds
dofs | J(u) | J(uh) | J(e) | eta_1 | eta_2 | eta^_1 | eta^_2
-----------------------------------------------------
81 | 1.65883e+00 | 1.2916763932e+00 | 3.6714889133e-01 | 2.74250e-01 | 2.74250e-01 | 3.31605e-01 | 4.50340e-01 
dofs | I_eta_1 | I_eta_2 | I_eta^_1 | I_eta^_2
---------------------------------------
81 | 1.33874e+00 | 1.33874e+00 | 1.10719e+00 | 8.15270e-01
using spr size field
SPR (target): error estimated in 0.001136 seconds
writeVtuFile into buffers: 0.001175 seconds
writeVtuFile buffers to disk: 0.000047 seconds
vtk files global_spr_0 written in 0.001384 seconds

MeshAdapt: version 2.0 !

MeshAdapt: iteration 0

MeshAdapt: coarsened 19 edges in 0.001825 seconds

MeshAdapt: refined 20 edges in 0.000505 seconds

MeshAdapt: bad shapes down from 0 to 0 in 0.000623 seconds

MeshAdapt: worst element quality is 2.560699e-01

MeshAdapt: mesh adapted in 0.003618 seconds
number of triangle 132 quad 0
mesh entity counts: v 82 e 213 f 132 r 0
homogeneous dbcs applied to 6 boundaries
linear system solved in 0.001826 seconds
linear system converged in 14 iters
homogeneous dbcs applied to 6 boundaries
linear system solved in 0.001562 seconds
linear system converged in 13 iters
error estimated in 0.001099 seconds
dofs | J(u) | J(uh) | J(e) | eta_1 | eta_2 | eta^_1 | eta^_2
-----------------------------------------------------
82 | 1.65883e+00 | 1.3711729344e+00 | 2.8765235009e-01 | 2.24300e-01 | 2.24300e-01 | 2.87419e-01 | 4.14198e-01 
dofs | I_eta_1 | I_eta_2 | I_eta^_1 | I_eta^_2
---------------------------------------
82 | 1.28244e+00 | 1.28244e+00 | 1.00081e+00 | 6.94480e-01
using spr size field
SPR (target): error estimated in 0.000826 seconds
writeVtuFile into buffers: 0.000947 seconds
writeVtuFile buffers to disk: 0.000031 seconds
vtk files global_spr_1 written in 0.001110 seconds

MeshAdapt: version 2.0 !

MeshAdapt: iteration 0

MeshAdapt: coarsened 7 edges in 0.000659 seconds

MeshAdapt: refined 23 edges in 0.000406 seconds

MeshAdapt: bad shapes down from 0 to 0 in 0.000581 seconds

MeshAdapt: worst element quality is 2.273537e-01

MeshAdapt: mesh adapted in 0.002268 seconds
number of triangle 163 quad 0
mesh entity counts: v 98 e 260 f 163 r 0
homogeneous dbcs applied to 6 boundaries
linear system solved in 0.001649 seconds
linear system converged in 16 iters
homogeneous dbcs applied to 6 boundaries
linear system solved in 0.001487 seconds
linear system converged in 14 iters
error estimated in 0.001188 seconds
dofs | J(u) | J(uh) | J(e) | eta_1 | eta_2 | eta^_1 | eta^_2
-----------------------------------------------------
98 | 1.65883e+00 | 1.4099653226e+00 | 2.4885996192e-01 | 2.09017e-01 | 2.09017e-01 | 2.68794e-01 | 4.18741e-01 
dofs | I_eta_1 | I_eta_2 | I_eta^_1 | I_eta^_2
---------------------------------------
98 | 1.19062e+00 | 1.19062e+00 | 9.25838e-01 | 5.94305e-01
using spr size field
SPR (target): error estimated in 0.000911 seconds
writeVtuFile into buffers: 0.000935 seconds
writeVtuFile buffers to disk: 0.000027 seconds
vtk files global_spr_2 written in 0.001048 seconds

MeshAdapt: version 2.0 !

MeshAdapt: iteration 0

MeshAdapt: coarsened 2 edges in 0.000510 seconds

MeshAdapt: refined 61 edges in 0.000671 seconds

MeshAdapt: bad shapes down from 1 to 0 in 0.000974 seconds

MeshAdapt: worst element quality is 2.036218e-01

MeshAdapt: mesh adapted in 0.003068 seconds
number of triangle 268 quad 0
mesh entity counts: v 157 e 424 f 268 r 0
homogeneous dbcs applied to 6 boundaries
linear system solved in 0.001853 seconds
linear system converged in 19 iters
homogeneous dbcs applied to 6 boundaries
linear system solved in 0.001625 seconds
linear system converged in 16 iters
error estimated in 0.001945 seconds
dofs | J(u) | J(uh) | J(e) | eta_1 | eta_2 | eta^_1 | eta^_2
-----------------------------------------------------
157 | 1.65883e+00 | 1.4996083673e+00 | 1.5921691720e-01 | 1.40938e-01 | 1.40938e-01 | 1.93929e-01 | 3.23357e-01 
dofs | I_eta_1 | I_eta_2 | I_eta^_1 | I_eta^_2
---------------------------------------
157 | 1.12970e+00 | 1.12970e+00 | 8.21005e-01 | 4.92387e-01
using spr size field
SPR (target): error estimated in 0.001424 seconds
writeVtuFile into buffers: 0.001195 seconds
writeVtuFile buffers to disk: 0.000029 seconds
vtk files global_spr_3 written in 0.001348 seconds

MeshAdapt: version 2.0 !

MeshAdapt: iteration 0

MeshAdapt: coarsened 3 edges in 0.000731 seconds

MeshAdapt: refined 98 edges in 0.001085 seconds

MeshAdapt: bad shapes down from 2 to 0 in 0.001665 seconds

MeshAdapt: worst element quality is 2.148200e-01

MeshAdapt: mesh adapted in 0.004933 seconds
number of triangle 440 quad 0
mesh entity counts: v 252 e 691 f 440 r 0
homogeneous dbcs applied to 6 boundaries
linear system solved in 0.002317 seconds
linear system converged in 22 iters
homogeneous dbcs applied to 6 boundaries
linear system solved in 0.002201 seconds
linear system converged in 19 iters
error estimated in 0.003275 seconds
dofs | J(u) | J(uh) | J(e) | eta_1 | eta_2 | eta^_1 | eta^_2
-----------------------------------------------------
252 | 1.65883e+00 | 1.5455463184e+00 | 1.1327896609e-01 | 9.57855e-02 | 9.57855e-02 | 1.42660e-01 | 2.49470e-01 
dofs | I_eta_1 | I_eta_2 | I_eta^_1 | I_eta^_2
---------------------------------------
252 | 1.18263e+00 | 1.18263e+00 | 7.94051e-01 | 4.54078e-01
using spr size field
SPR (target): error estimated in 0.002249 seconds
writeVtuFile into buffers: 0.001737 seconds
writeVtuFile buffers to disk: 0.000036 seconds
vtk files global_spr_4 written in 0.001889 seconds

MeshAdapt: version 2.0 !

MeshAdapt: iteration 0

MeshAdapt: coarsened 8 edges in 0.001562 seconds

MeshAdapt: refined 191 edges in 0.001951 seconds

MeshAdapt: bad shapes down from 0 to 0 in 0.002418 seconds

MeshAdapt: worst element quality is 2.224143e-01

MeshAdapt: mesh adapted in 0.008491 seconds
number of triangle 775 quad 0
mesh entity counts: v 435 e 1209 f 775 r 0
homogeneous dbcs applied to 6 boundaries
linear system solved in 0.003549 seconds
linear system converged in 27 iters
homogeneous dbcs applied to 6 boundaries
linear system solved in 0.002659 seconds
linear system converged in 22 iters
error estimated in 0.005781 seconds
dofs | J(u) | J(uh) | J(e) | eta_1 | eta_2 | eta^_1 | eta^_2
-----------------------------------------------------
435 | 1.65883e+00 | 1.5438685368e+00 | 1.1495674769e-01 | 7.23506e-02 | 7.23506e-02 | 1.00744e-01 | 1.68271e-01 
dofs | I_eta_1 | I_eta_2 | I_eta^_1 | I_eta^_2
---------------------------------------
435 | 1.58889e+00 | 1.58889e+00 | 1.14108e+00 | 6.83166e-01
using spr size field
SPR (target): error estimated in 0.003819 seconds
writeVtuFile into buffers: 0.002845 seconds
writeVtuFile buffers to disk: 0.000043 seconds
vtk files global_spr_5 written in 0.003032 seconds

MeshAdapt: version 2.0 !

MeshAdapt: iteration 0

MeshAdapt: coarsened 24 edges in 0.002855 seconds

MeshAdapt: refined 318 edges in 0.003179 seconds

MeshAdapt: bad shapes down from 1 to 0 in 0.004615 seconds

MeshAdapt: worst element quality is 2.185058e-01

MeshAdapt: mesh adapted in 0.015333 seconds
number of triangle 1314 quad 0
mesh entity counts: v 729 e 2042 f 1314 r 0
homogeneous dbcs applied to 6 boundaries
linear system solved in 0.004921 seconds
linear system converged in 31 iters
homogeneous dbcs applied to 6 boundaries
linear system solved in 0.003837 seconds
linear system converged in 25 iters
error estimated in 0.009386 seconds
dofs | J(u) | J(uh) | J(e) | eta_1 | eta_2 | eta^_1 | eta^_2
-----------------------------------------------------
729 | 1.65883e+00 | 1.5742008639e+00 | 8.4624420624e-02 | 4.64439e-02 | 4.64439e-02 | 6.83871e-02 | 1.17800e-01 
dofs | I_eta_1 | I_eta_2 | I_eta^_1 | I_eta^_2
---------------------------------------
729 | 1.82208e+00 | 1.82208e+00 | 1.23743e+00 | 7.18374e-01
using spr size field
SPR (target): error estimated in 0.006705 seconds
writeVtuFile into buffers: 0.004344 seconds
writeVtuFile buffers to disk: 0.000053 seconds
vtk files global_spr_6 written in 0.004575 seconds

MeshAdapt: version 2.0 !

MeshAdapt: iteration 0

MeshAdapt: coarsened 59 edges in 0.006150 seconds

MeshAdapt: refined 554 edges in 0.005451 seconds

MeshAdapt: bad shapes down from 6 to 1 in 0.008600 seconds

MeshAdapt: worst element quality is 1.490918e-01

MeshAdapt: mesh adapted in 0.027708 seconds
number of triangle 2235 quad 0
mesh entity counts: v 1224 e 3458 f 2235 r 0
homogeneous dbcs applied to 6 boundaries
linear system solved in 0.009144 seconds
linear system converged in 46 iters
homogeneous dbcs applied to 6 boundaries
linear system solved in 0.006528 seconds
linear system converged in 30 iters
error estimated in 0.016305 seconds
dofs | J(u) | J(uh) | J(e) | eta_1 | eta_2 | eta^_1 | eta^_2
-----------------------------------------------------
1224 | 1.65883e+00 | 1.5925336934e+00 | 6.6291591085e-02 | 2.97165e-02 | 2.97165e-02 | 4.47308e-02 | 7.76072e-02 
dofs | I_eta_1 | I_eta_2 | I_eta^_1 | I_eta^_2
---------------------------------------
1224 | 2.23080e+00 | 2.23080e+00 | 1.48201e+00 | 8.54193e-01
using spr size field
SPR (target): error estimated in 0.011391 seconds
writeVtuFile into buffers: 0.007898 seconds
writeVtuFile buffers to disk: 0.000089 seconds
vtk files global_spr_7 written in 0.008247 seconds

MeshAdapt: version 2.0 !

MeshAdapt: iteration 0

MeshAdapt: coarsened 124 edges in 0.013791 seconds

MeshAdapt: refined 999 edges in 0.009498 seconds

MeshAdapt: bad shapes down from 7 to 4 in 0.014736 seconds

MeshAdapt: worst element quality is 1.679194e-01

MeshAdapt: mesh adapted in 0.050716 seconds
number of triangle 3835 quad 0
mesh entity counts: v 2099 e 5933 f 3835 r 0
homogeneous dbcs applied to 6 boundaries
linear system solved in 0.016825 seconds
linear system converged in 58 iters
homogeneous dbcs applied to 6 boundaries
linear system solved in 0.013537 seconds
linear system converged in 48 iters
error estimated in 0.028732 seconds
dofs | J(u) | J(uh) | J(e) | eta_1 | eta_2 | eta^_1 | eta^_2
-----------------------------------------------------
2099 | 1.65883e+00 | 1.6311225443e+00 | 2.7702740199e-02 | 1.67023e-02 | 1.67023e-02 | 2.70738e-02 | 4.60793e-02 
dofs | I_eta_1 | I_eta_2 | I_eta^_1 | I_eta^_2
---------------------------------------
2099 | 1.65861e+00 | 1.65861e+00 | 1.02323e+00 | 6.01197e-01
using spr size field
SPR (target): error estimated in 0.019008 seconds
writeVtuFile into buffers: 0.013903 seconds
writeVtuFile buffers to disk: 0.000119 seconds
vtk files global_spr_8 written in 0.014398 seconds

MeshAdapt: version 2.0 !

MeshAdapt: iteration 0

MeshAdapt: coarsened 147 edges in 0.021207 seconds

MeshAdapt: refined 1932 edges in 0.018083 seconds

MeshAdapt: bad shapes down from 9 to 5 in 0.027392 seconds

MeshAdapt: worst element quality is 1.521479e-01

MeshAdapt: mesh adapted in 0.090538 seconds
number of triangle 7145 quad 0
mesh entity counts: v 3884 e 11028 f 7145 r 0
homogeneous dbcs applied to 6 boundaries
linear system solved in 0.050780 seconds
linear system converged in 112 iters
homogeneous dbcs applied to 6 boundaries
linear system solved in 0.040360 seconds
linear system converged in 88 iters
error estimated in 0.053504 seconds
dofs | J(u) | J(uh) | J(e) | eta_1 | eta_2 | eta^_1 | eta^_2
-----------------------------------------------------
3884 | 1.65883e+00 | 1.6445506451e+00 | 1.4274639353e-02 | 9.76187e-03 | 9.76187e-03 | 1.56380e-02 | 2.95409e-02 
dofs | I_eta_1 | I_eta_2 | I_eta^_1 | I_eta^_2
---------------------------------------
3884 | 1.46229e+00 | 1.46229e+00 | 9.12816e-01 | 4.83216e-01
using spr size field
SPR (target): error estimated in 0.035891 seconds
writeVtuFile into buffers: 0.028385 seconds
writeVtuFile buffers to disk: 0.000216 seconds
vtk files global_spr_9 written in 0.029255 seconds

MeshAdapt: version 2.0 !

MeshAdapt: iteration 0

MeshAdapt: coarsened 216 edges in 0.038207 seconds

MeshAdapt: refined 3767 edges in 0.035347 seconds

MeshAdapt: bad shapes down from 31 to 11 in 0.053103 seconds

MeshAdapt: worst element quality is 9.400775e-02

MeshAdapt: mesh adapted in 0.172587 seconds
number of triangle 13806 quad 0
mesh entity counts: v 7435 e 21240 f 13806 r 0
homogeneous dbcs applied to 6 boundaries
linear system solved in 0.127585 seconds
linear system converged in 150 iters
homogeneous dbcs applied to 6 boundaries
linear system solved in 0.125215 seconds
linear system converged in 150 iters
error estimated in 0.101986 seconds
dofs | J(u) | J(uh) | J(e) | eta_1 | eta_2 | eta^_1 | eta^_2
-----------------------------------------------------
7435 | 1.65883e+00 | 1.6512115371e+00 | 7.6137473818e-03 | 5.47650e-03 | 5.47650e-03 | 8.84791e-03 | 1.89324e-02 
dofs | I_eta_1 | I_eta_2 | I_eta^_1 | I_eta^_2
---------------------------------------
7435 | 1.39026e+00 | 1.39026e+00 | 8.60513e-01 | 4.02155e-01
using spr size field
SPR (target): error estimated in 0.072180 seconds
writeVtuFile into buffers: 0.059447 seconds
writeVtuFile buffers to disk: 0.000411 seconds
vtk files global_spr_10 written in 0.060965 seconds

MeshAdapt: version 2.0 !

MeshAdapt: iteration 0

MeshAdapt: coarsened 352 edges in 0.070523 seconds

MeshAdapt: refined 6843 edges in 0.069777 seconds

MeshAdapt: bad shapes down from 44 to 20 in 0.101737 seconds

MeshAdapt: worst element quality is 1.022245e-01

MeshAdapt: mesh adapted in 0.330438 seconds
number of triangle 25996 quad 0
mesh entity counts: v 13926 e 39921 f 25996 r 0
homogeneous dbcs applied to 6 boundaries
linear system solved in 0.318690 seconds
linear system converged in 207 iters
homogeneous dbcs applied to 6 boundaries
linear system solved in 0.412091 seconds
linear system converged in 275 iters
error estimated in 0.195101 seconds
dofs | J(u) | J(uh) | J(e) | eta_1 | eta_2 | eta^_1 | eta^_2
-----------------------------------------------------
13926 | 1.65883e+00 | 1.6547949346e+00 | 4.0303498522e-03 | 2.93550e-03 | 2.93550e-03 | 5.08922e-03 | 1.07603e-02 
dofs | I_eta_1 | I_eta_2 | I_eta^_1 | I_eta^_2
---------------------------------------
13926 | 1.37297e+00 | 1.37297e+00 | 7.91939e-01 | 3.74556e-01
using spr size field
SPR (target): error estimated in 0.133205 seconds
writeVtuFile into buffers: 0.120151 seconds
writeVtuFile buffers to disk: 0.000838 seconds
vtk files global_spr_11 written in 0.123042 seconds

MeshAdapt: version 2.0 !

MeshAdapt: iteration 0

MeshAdapt: coarsened 325 edges in 0.108054 seconds

MeshAdapt: refined 14096 edges in 0.147843 seconds

MeshAdapt: bad shapes down from 99 to 32 in 0.203095 seconds

MeshAdapt: worst element quality is 1.082633e-01

MeshAdapt: mesh adapted in 0.634463 seconds
number of triangle 52343 quad 0
mesh entity counts: v 27697 e 80039 f 52343 r 0
homogeneous dbcs applied to 6 boundaries
linear system solved in 0.984171 seconds
linear system converged in 322 iters
homogeneous dbcs applied to 6 boundaries
linear system solved in 1.092052 seconds
linear system converged in 364 iters
error estimated in 0.391625 seconds
dofs | J(u) | J(uh) | J(e) | eta_1 | eta_2 | eta^_1 | eta^_2
-----------------------------------------------------
27697 | 1.65883e+00 | 1.6568416889e+00 | 1.9835955530e-03 | 1.63762e-03 | 1.63762e-03 | 2.74735e-03 | 5.25030e-03 
dofs | I_eta_1 | I_eta_2 | I_eta^_1 | I_eta^_2
---------------------------------------
27697 | 1.21127e+00 | 1.21127e+00 | 7.22003e-01 | 3.77806e-01
using spr size field
SPR (target): error estimated in 0.290199 seconds
writeVtuFile into buffers: 0.240954 seconds
writeVtuFile buffers to disk: 0.001706 seconds
vtk files global_spr_12 written in 0.246748 seconds

MeshAdapt: version 2.0 !

MeshAdapt: iteration 0

MeshAdapt: coarsened 350 edges in 0.174621 seconds

MeshAdapt: refined 34681 edges in 0.387788 seconds

MeshAdapt: bad shapes down from 133 to 41 in 0.463497 seconds

MeshAdapt: worst element quality is 1.084759e-01

MeshAdapt: mesh adapted in 1.427747 seconds
number of triangle 118803 quad 0
mesh entity counts: v 62028 e 180830 f 118803 r 0
