model lshape.dmg loaded in 0.000039 seconds
mesh lshape-serial.smb loaded in 0.000296 seconds
number of triangle 128 quad 0
mesh entity counts: v 81 e 208 f 128 r 0
mesh verified in 0.000310 seconds
homogeneous dbcs applied to 6 boundaries
linear system solved in 0.002692 seconds
linear system converged in 12 iters
homogeneous dbcs applied to 6 boundaries
linear system solved in 0.002232 seconds
linear system converged in 12 iters
error estimated in 0.001435 seconds
dofs | J(u) | J(uh) | J(e) | eta_1 | eta_2 | eta^_1 | eta^_2
-----------------------------------------------------
81 | 1.65883e+00 | 1.2916763932e+00 | 3.6714889133e-01 | 2.74250e-01 | 2.74250e-01 | 3.31605e-01 | 4.50340e-01 
dofs | I_eta_1 | I_eta_2 | I_eta^_1 | I_eta^_2
---------------------------------------
81 | 1.33874e+00 | 1.33874e+00 | 1.10719e+00 | 8.15270e-01
using vms 1 size field
isotropic target size field computed in 0.000314 seconds
writeVtuFile into buffers: 0.001073 seconds
writeVtuFile buffers to disk: 0.000042 seconds
vtk files global_vms1_0 written in 0.001277 seconds

MeshAdapt: version 2.0 !

MeshAdapt: iteration 0

MeshAdapt: coarsened 13 edges in 0.001333 seconds

MeshAdapt: refined 46 edges in 0.000763 seconds

MeshAdapt: bad shapes down from 0 to 0 in 0.001063 seconds

MeshAdapt: worst element quality is 2.018403e-01

MeshAdapt: mesh adapted in 0.004249 seconds
number of triangle 186 quad 0
mesh entity counts: v 114 e 299 f 186 r 0
homogeneous dbcs applied to 6 boundaries
linear system solved in 0.002338 seconds
linear system converged in 15 iters
homogeneous dbcs applied to 6 boundaries
linear system solved in 0.002263 seconds
linear system converged in 15 iters
error estimated in 0.001750 seconds
dofs | J(u) | J(uh) | J(e) | eta_1 | eta_2 | eta^_1 | eta^_2
-----------------------------------------------------
114 | 1.65883e+00 | 1.4540798721e+00 | 2.0474541244e-01 | 1.50338e-01 | 1.50338e-01 | 2.10822e-01 | 2.88495e-01 
dofs | I_eta_1 | I_eta_2 | I_eta^_1 | I_eta^_2
---------------------------------------
114 | 1.36190e+00 | 1.36190e+00 | 9.71178e-01 | 7.09701e-01
using vms 1 size field
isotropic target size field computed in 0.000360 seconds
writeVtuFile into buffers: 0.001151 seconds
writeVtuFile buffers to disk: 0.000033 seconds
vtk files global_vms1_1 written in 0.001305 seconds

MeshAdapt: version 2.0 !

MeshAdapt: iteration 0

MeshAdapt: coarsened 8 edges in 0.000902 seconds

MeshAdapt: refined 131 edges in 0.001175 seconds

MeshAdapt: bad shapes down from 3 to 1 in 0.001955 seconds

MeshAdapt: worst element quality is 1.590914e-01

MeshAdapt: mesh adapted in 0.005640 seconds
number of triangle 408 quad 0
mesh entity counts: v 237 e 644 f 408 r 0
homogeneous dbcs applied to 6 boundaries
linear system solved in 0.002181 seconds
linear system converged in 20 iters
homogeneous dbcs applied to 6 boundaries
linear system solved in 0.001897 seconds
linear system converged in 18 iters
error estimated in 0.003061 seconds
dofs | J(u) | J(uh) | J(e) | eta_1 | eta_2 | eta^_1 | eta^_2
-----------------------------------------------------
237 | 1.65883e+00 | 1.5565689831e+00 | 1.0225630143e-01 | 8.09628e-02 | 8.09628e-02 | 1.20286e-01 | 1.91048e-01 
dofs | I_eta_1 | I_eta_2 | I_eta^_1 | I_eta^_2
---------------------------------------
237 | 1.26300e+00 | 1.26300e+00 | 8.50111e-01 | 5.35239e-01
using vms 1 size field
isotropic target size field computed in 0.000566 seconds
writeVtuFile into buffers: 0.001548 seconds
writeVtuFile buffers to disk: 0.000030 seconds
vtk files global_vms1_2 written in 0.001698 seconds

MeshAdapt: version 2.0 !

MeshAdapt: iteration 0

MeshAdapt: coarsened 15 edges in 0.001590 seconds

MeshAdapt: refined 236 edges in 0.001999 seconds

MeshAdapt: bad shapes down from 6 to 5 in 0.003375 seconds

MeshAdapt: worst element quality is 1.482961e-01

MeshAdapt: mesh adapted in 0.009669 seconds
number of triangle 803 quad 0
mesh entity counts: v 458 e 1260 f 803 r 0
homogeneous dbcs applied to 6 boundaries
linear system solved in 0.003115 seconds
linear system converged in 25 iters
homogeneous dbcs applied to 6 boundaries
linear system solved in 0.002880 seconds
linear system converged in 23 iters
error estimated in 0.005765 seconds
dofs | J(u) | J(uh) | J(e) | eta_1 | eta_2 | eta^_1 | eta^_2
-----------------------------------------------------
458 | 1.65883e+00 | 1.5947382187e+00 | 6.4087065812e-02 | 4.25231e-02 | 4.25231e-02 | 6.80221e-02 | 9.35925e-02 
dofs | I_eta_1 | I_eta_2 | I_eta^_1 | I_eta^_2
---------------------------------------
458 | 1.50711e+00 | 1.50711e+00 | 9.42150e-01 | 6.84746e-01
using vms 1 size field
isotropic target size field computed in 0.001060 seconds
writeVtuFile into buffers: 0.002570 seconds
writeVtuFile buffers to disk: 0.000039 seconds
vtk files global_vms1_3 written in 0.002769 seconds

MeshAdapt: version 2.0 !

MeshAdapt: iteration 0

MeshAdapt: coarsened 27 edges in 0.003164 seconds

MeshAdapt: refined 475 edges in 0.003972 seconds

MeshAdapt: bad shapes down from 11 to 4 in 0.006668 seconds

MeshAdapt: worst element quality is 1.490559e-01

MeshAdapt: mesh adapted in 0.019140 seconds
number of triangle 1621 quad 0
mesh entity counts: v 906 e 2526 f 1621 r 0
homogeneous dbcs applied to 6 boundaries
linear system solved in 0.005347 seconds
linear system converged in 30 iters
homogeneous dbcs applied to 6 boundaries
linear system solved in 0.004644 seconds
linear system converged in 27 iters
error estimated in 0.011555 seconds
dofs | J(u) | J(uh) | J(e) | eta_1 | eta_2 | eta^_1 | eta^_2
-----------------------------------------------------
906 | 1.65883e+00 | 1.6248662975e+00 | 3.3958986994e-02 | 2.24377e-02 | 2.24377e-02 | 3.43620e-02 | 5.35394e-02 
dofs | I_eta_1 | I_eta_2 | I_eta^_1 | I_eta^_2
---------------------------------------
906 | 1.51348e+00 | 1.51348e+00 | 9.88271e-01 | 6.34281e-01
using vms 1 size field
isotropic target size field computed in 0.002209 seconds
writeVtuFile into buffers: 0.004972 seconds
writeVtuFile buffers to disk: 0.000055 seconds
vtk files global_vms1_4 written in 0.005244 seconds

MeshAdapt: version 2.0 !

MeshAdapt: iteration 0

MeshAdapt: coarsened 59 edges in 0.006852 seconds

MeshAdapt: refined 869 edges in 0.007391 seconds

MeshAdapt: bad shapes down from 15 to 7 in 0.012353 seconds

MeshAdapt: worst element quality is 7.680164e-02

MeshAdapt: mesh adapted in 0.036839 seconds
number of triangle 3104 quad 0
mesh entity counts: v 1716 e 4819 f 3104 r 0
homogeneous dbcs applied to 6 boundaries
linear system solved in 0.013943 seconds
linear system converged in 54 iters
homogeneous dbcs applied to 6 boundaries
linear system solved in 0.011462 seconds
linear system converged in 48 iters
error estimated in 0.023076 seconds
dofs | J(u) | J(uh) | J(e) | eta_1 | eta_2 | eta^_1 | eta^_2
-----------------------------------------------------
1716 | 1.65883e+00 | 1.6419741543e+00 | 1.6851130192e-02 | 1.14392e-02 | 1.14392e-02 | 1.64738e-02 | 2.62409e-02 
dofs | I_eta_1 | I_eta_2 | I_eta^_1 | I_eta^_2
---------------------------------------
1716 | 1.47310e+00 | 1.47310e+00 | 1.02291e+00 | 6.42170e-01
using vms 1 size field
isotropic target size field computed in 0.004207 seconds
writeVtuFile into buffers: 0.010489 seconds
writeVtuFile buffers to disk: 0.000114 seconds
vtk files global_vms1_5 written in 0.010952 seconds

MeshAdapt: version 2.0 !

MeshAdapt: iteration 0

MeshAdapt: coarsened 123 edges in 0.013937 seconds

MeshAdapt: refined 1682 edges in 0.014194 seconds

MeshAdapt: bad shapes down from 42 to 22 in 0.024115 seconds

MeshAdapt: worst element quality is 1.482961e-01

MeshAdapt: mesh adapted in 0.071885 seconds
number of triangle 5944 quad 0
mesh entity counts: v 3275 e 9218 f 5944 r 0
homogeneous dbcs applied to 6 boundaries
linear system solved in 0.034028 seconds
linear system converged in 87 iters
homogeneous dbcs applied to 6 boundaries
linear system solved in 0.033614 seconds
linear system converged in 87 iters
error estimated in 0.044353 seconds
dofs | J(u) | J(uh) | J(e) | eta_1 | eta_2 | eta^_1 | eta^_2
-----------------------------------------------------
3275 | 1.65883e+00 | 1.6508523937e+00 | 7.9728908356e-03 | 5.43651e-03 | 5.43651e-03 | 7.45765e-03 | 1.09400e-02 
dofs | I_eta_1 | I_eta_2 | I_eta^_1 | I_eta^_2
---------------------------------------
3275 | 1.46655e+00 | 1.46655e+00 | 1.06909e+00 | 7.28784e-01
using vms 1 size field
isotropic target size field computed in 0.008407 seconds
writeVtuFile into buffers: 0.022434 seconds
writeVtuFile buffers to disk: 0.001990 seconds
vtk files global_vms1_6 written in 0.025026 seconds

MeshAdapt: version 2.0 !

MeshAdapt: iteration 0

MeshAdapt: coarsened 247 edges in 0.027631 seconds

MeshAdapt: refined 3249 edges in 0.030924 seconds

MeshAdapt: bad shapes down from 72 to 34 in 0.046921 seconds

MeshAdapt: worst element quality is 1.604240e-01

MeshAdapt: mesh adapted in 0.143428 seconds
number of triangle 11421 quad 0
mesh entity counts: v 6277 e 17697 f 11421 r 0
homogeneous dbcs applied to 6 boundaries
linear system solved in 0.103352 seconds
linear system converged in 147 iters
homogeneous dbcs applied to 6 boundaries
linear system solved in 0.117140 seconds
linear system converged in 172 iters
error estimated in 0.086065 seconds
dofs | J(u) | J(uh) | J(e) | eta_1 | eta_2 | eta^_1 | eta^_2
-----------------------------------------------------
6277 | 1.65883e+00 | 1.6555253591e+00 | 3.2999254343e-03 | 2.36366e-03 | 2.36366e-03 | 3.08317e-03 | 4.89778e-03 
dofs | I_eta_1 | I_eta_2 | I_eta^_1 | I_eta^_2
---------------------------------------
6277 | 1.39611e+00 | 1.39611e+00 | 1.07030e+00 | 6.73759e-01
using vms 1 size field
isotropic target size field computed in 0.015849 seconds
writeVtuFile into buffers: 0.044697 seconds
writeVtuFile buffers to disk: 0.000309 seconds
vtk files global_vms1_7 written in 0.046037 seconds

MeshAdapt: version 2.0 !

MeshAdapt: iteration 0

MeshAdapt: coarsened 429 edges in 0.048523 seconds

MeshAdapt: refined 5762 edges in 0.053276 seconds

MeshAdapt: bad shapes down from 111 to 65 in 0.086586 seconds

MeshAdapt: worst element quality is 1.604240e-01

MeshAdapt: mesh adapted in 0.258846 seconds
number of triangle 21395 quad 0
mesh entity counts: v 11610 e 33004 f 21395 r 0
homogeneous dbcs applied to 6 boundaries
linear system solved in 0.270373 seconds
linear system converged in 214 iters
homogeneous dbcs applied to 6 boundaries
linear system solved in 0.266794 seconds
linear system converged in 211 iters
error estimated in 0.158536 seconds
dofs | J(u) | J(uh) | J(e) | eta_1 | eta_2 | eta^_1 | eta^_2
-----------------------------------------------------
11610 | 1.65883e+00 | 1.6575419809e+00 | 1.2833036497e-03 | 1.02179e-03 | 1.02179e-03 | 1.30034e-03 | 2.13662e-03 
dofs | I_eta_1 | I_eta_2 | I_eta^_1 | I_eta^_2
---------------------------------------
11610 | 1.25593e+00 | 1.25593e+00 | 9.86899e-01 | 6.00624e-01
using vms 1 size field
isotropic target size field computed in 0.030164 seconds
writeVtuFile into buffers: 0.088851 seconds
writeVtuFile buffers to disk: 0.000555 seconds
vtk files global_vms1_8 written in 0.091167 seconds

MeshAdapt: version 2.0 !

MeshAdapt: iteration 0

MeshAdapt: coarsened 494 edges in 0.072311 seconds

MeshAdapt: refined 13136 edges in 0.120792 seconds

MeshAdapt: bad shapes down from 171 to 72 in 0.183335 seconds

MeshAdapt: worst element quality is 1.399589e-01

MeshAdapt: mesh adapted in 0.528066 seconds
number of triangle 45143 quad 0
mesh entity counts: v 24252 e 69394 f 45143 r 0
homogeneous dbcs applied to 6 boundaries
linear system solved in 1.051667 seconds
linear system converged in 404 iters
homogeneous dbcs applied to 6 boundaries
linear system solved in 0.715992 seconds
linear system converged in 276 iters
error estimated in 0.336496 seconds
dofs | J(u) | J(uh) | J(e) | eta_1 | eta_2 | eta^_1 | eta^_2
-----------------------------------------------------
24252 | 1.65883e+00 | 1.6583322061e+00 | 4.9307838782e-04 | 4.34794e-04 | 4.34794e-04 | 5.62258e-04 | 9.69037e-04 
dofs | I_eta_1 | I_eta_2 | I_eta^_1 | I_eta^_2
---------------------------------------
24252 | 1.13405e+00 | 1.13405e+00 | 8.76961e-01 | 5.08833e-01
using vms 1 size field
isotropic target size field computed in 0.064877 seconds
writeVtuFile into buffers: 0.186329 seconds
writeVtuFile buffers to disk: 0.004338 seconds
vtk files global_vms1_9 written in 0.194255 seconds

MeshAdapt: version 2.0 !

MeshAdapt: iteration 0

MeshAdapt: coarsened 671 edges in 0.137343 seconds

MeshAdapt: refined 26314 edges in 0.289596 seconds

MeshAdapt: bad shapes down from 204 to 63 in 0.397476 seconds

MeshAdapt: worst element quality is 1.193323e-01

MeshAdapt: mesh adapted in 1.142256 seconds
number of triangle 94481 quad 0
mesh entity counts: v 49895 e 144375 f 94481 r 0
