model lshape.dmg loaded in 0.000270 seconds
mesh lshape-serial.smb loaded in 0.020345 seconds
number of triangle 8080 quad 0
mesh entity counts: v 4169 e 12248 f 8080 r 0
mesh verified in 0.016134 seconds
homogeneous dbcs applied to 6 boundaries
linear system solved in 0.035928 seconds
linear system converged in 59 iters
homogeneous dbcs applied to 6 boundaries
linear system solved in 0.030763 seconds
linear system converged in 59 iters
error estimated in 0.058813 seconds
dofs | J(u) | J(uh) | J(e) | eta_1 | eta_2 | eta^_1 | eta^_2
-----------------------------------------------------
4169 | 1.65883e+00 | 1.6181030451e+00 | 4.0722239450e-02 | 3.08765e-02 | 3.08765e-02 | 3.78975e-02 | 5.01578e-02 
dofs | I_eta_1 | I_eta_2 | I_eta^_1 | I_eta^_2
---------------------------------------
4169 | 1.31888e+00 | 1.31888e+00 | 1.07454e+00 | 8.11883e-01
using spr size field
SPR (target): error estimated in 0.039498 seconds
writeVtuFile into buffers: 0.031664 seconds
writeVtuFile buffers to disk: 0.000290 seconds
vtk files global_003125_0 written in 0.032655 seconds

MeshAdapt: version 2.0 !

MeshAdapt: iteration 0

MeshAdapt: coarsened 2522 edges in 0.171380 seconds

MeshAdapt: bad shapes down from 0 to 0 in 0.010828 seconds

MeshAdapt: worst element quality is 2.014121e-01

MeshAdapt: mesh adapted in 0.198888 seconds
number of triangle 3118 quad 0
mesh entity counts: v 1647 e 4764 f 3118 r 0
