model lshape.dmg loaded in 0.000058 seconds
mesh lshape-serial.smb loaded in 0.024968 seconds
number of triangle 32652 quad 0
mesh entity counts: v 16583 e 49234 f 32652 r 0
mesh verified in 0.046857 seconds
homogeneous dbcs applied to 6 boundaries
linear system solved in 0.346680 seconds
linear system converged in 175 iters
homogeneous dbcs applied to 6 boundaries
linear system solved in 0.349517 seconds
linear system converged in 181 iters
error estimated in 0.236753 seconds
dofs | J(u) | J(uh) | J(e) | eta_1 | eta_2 | eta^_1 | eta^_2
-----------------------------------------------------
16583 | 1.65883e+00 | 1.6380524879e+00 | 2.0772796593e-02 | 1.49336e-02 | 1.49336e-02 | 1.75073e-02 | 2.32229e-02 
dofs | I_eta_1 | I_eta_2 | I_eta^_1 | I_eta^_2
---------------------------------------
16583 | 1.39101e+00 | 1.39101e+00 | 1.18652e+00 | 8.94495e-01
using spr size field
SPR (target): error estimated in 0.169623 seconds
writeVtuFile into buffers: 0.149960 seconds
writeVtuFile buffers to disk: 0.001145 seconds
vtk files global_0015625_0 written in 0.153591 seconds

MeshAdapt: version 2.0 !

MeshAdapt: iteration 0

MeshAdapt: coarsened 10242 edges in 0.744179 seconds

MeshAdapt: refined 28 edges in 0.023667 seconds

MeshAdapt: bad shapes down from 4 to 0 in 0.047962 seconds

MeshAdapt: worst element quality is 2.000953e-01

MeshAdapt: mesh adapted in 0.865669 seconds
number of triangle 12435 quad 0
mesh entity counts: v 6369 e 18803 f 12435 r 0
